[2019-01-15 17:10:27,833] multiqc                                            [DEBUG  ]  No MultiQC config found: /opt/miniconda3/lib/python3.6/site-packages/multiqc_config.yaml
[2019-01-15 17:10:27,833] multiqc                                            [DEBUG  ]  No MultiQC config found: /home/aharring/.multiqc_config.yaml
[2019-01-15 17:10:27,833] multiqc                                            [DEBUG  ]  No MultiQC config found: multiqc_config.yaml
[2019-01-15 17:10:27,833] multiqc                                            [DEBUG  ]  Command used: /opt/miniconda3/bin/multiqc .
[2019-01-15 17:10:29,067] multiqc                                            [WARNING]  MultiQC Version v1.7 now available!
[2019-01-15 17:10:29,068] multiqc                                            [INFO   ]  This is MultiQC v1.6
[2019-01-15 17:10:29,068] multiqc                                            [DEBUG  ]  Command     : /opt/miniconda3/bin/multiqc .
[2019-01-15 17:10:29,068] multiqc                                            [DEBUG  ]  Working dir : /home/aharring/work/trim
[2019-01-15 17:10:29,069] multiqc                                            [INFO   ]  Template    : default
[2019-01-15 17:10:29,069] multiqc                                            [INFO   ]  Searching '.'
[2019-01-15 17:10:29,071] multiqc                                            [DEBUG  ]  Analysing modules: custom_content, conpair, peddy, methylQA, qualimap, preseq, quast, qorts, rna_seqc, rsem, rseqc, busco, goleft_indexcov, disambiguate, supernova, deeptools, sargasso, verifybamid, mirtrace, happy, homer, macs2, theta2, snpeff, gatk, htseq, bcftools, featureCounts, dedup, picard, prokka, samblaster, samtools, bamtools, jellyfish, vcftools, longranger, bbmap, bismark, hicexplorer, hicup, hicpro, salmon, kallisto, slamdunk, star, hisat2, tophat, bowtie2, bowtie1, kat, leehom, adapterRemoval, clipandmerge, cutadapt, flexbar, trimmomatic, skewer, sortmerna, biobloomtools, fastq_screen, afterqc, fastp, fastqc, clusterflow, bcl2fastq, interop
[2019-01-15 17:10:29,072] multiqc                                            [DEBUG  ]  Using temporary directory for creating report: /tmp/tmps4_g8fxq
[2019-01-15 17:10:29,125] multiqc                                            [DEBUG  ]  Ignoring directory as matched fn_ignore_dirs: ./multiqc_data
[2019-01-15 17:10:29,131] multiqc                                            [DEBUG  ]  Ignoring file as matched an ignore pattern: 6Hour_CGATGT_L002_R2_003.fastq
[2019-01-15 17:10:29,132] multiqc                                            [DEBUG  ]  Ignoring file as matched an ignore pattern: 0Hour_ATCACG_L002_R2_005.fastq
[2019-01-15 17:10:29,132] multiqc                                            [DEBUG  ]  Ignoring file as matched an ignore pattern: 0Hour_ATCACG_L002_R1_003.fastq
[2019-01-15 17:10:29,132] multiqc                                            [DEBUG  ]  Ignoring file as matched an ignore pattern: 6Hour_CGATGT_L002_R2_001.fastq
[2019-01-15 17:10:29,141] multiqc                                            [DEBUG  ]  Ignoring file as matched an ignore pattern: 0Hour_ATCACG_L002_R1_004.qc.fq.gz
[2019-01-15 17:10:29,142] multiqc                                            [DEBUG  ]  Ignoring file as matched an ignore pattern: 6Hour_CGATGT_L002_R1_003.fastq
[2019-01-15 17:10:29,142] multiqc                                            [DEBUG  ]  Ignoring file as matched an ignore pattern: 6Hour_CGATGT_L002_R2_002.fastq
[2019-01-15 17:10:29,142] multiqc                                            [DEBUG  ]  Ignoring file as matched an ignore pattern: 6Hour_CGATGT_L002_R1_002.qc.fq.gz
[2019-01-15 17:10:29,142] multiqc                                            [DEBUG  ]  Ignoring file as matched an ignore pattern: 6Hour_CGATGT_L002_R1_004.fastq
[2019-01-15 17:10:29,143] multiqc                                            [DEBUG  ]  Ignoring file as matched an ignore pattern: 6Hour_CGATGT_L002_R1_001.fastq
[2019-01-15 17:10:29,143] multiqc                                            [DEBUG  ]  Ignoring file as matched an ignore pattern: 0Hour_ATCACG_L002_R1_003.qc_fastqc.html
[2019-01-15 17:10:29,143] multiqc                                            [DEBUG  ]  Ignoring file as matched an ignore pattern: 6Hour_CGATGT_L002_R2_005.qc_fastqc.html
[2019-01-15 17:10:29,144] multiqc                                            [DEBUG  ]  Ignoring file as matched an ignore pattern: 0Hour_ATCACG_L002_R2_004.qc.fq.gz
[2019-01-15 17:10:29,177] multiqc                                            [DEBUG  ]  Ignoring file as matched an ignore pattern: 6Hour_CGATGT_L002_R2_004.qc.fq.gz
[2019-01-15 17:10:29,178] multiqc                                            [DEBUG  ]  Ignoring file as matched an ignore pattern: combined.fa
[2019-01-15 17:10:29,178] multiqc                                            [DEBUG  ]  Ignoring file as matched an ignore pattern: 0Hour_ATCACG_L002_R1_003.qc.fq.gz
[2019-01-15 17:10:29,178] multiqc                                            [DEBUG  ]  Ignoring file as matched an ignore pattern: multiqc_report.html
[2019-01-15 17:10:29,178] multiqc                                            [DEBUG  ]  Ignoring file as matched an ignore pattern: 0Hour_ATCACG_L002_R1_001.fastq
[2019-01-15 17:10:29,179] multiqc                                            [DEBUG  ]  Ignoring file as matched an ignore pattern: 0Hour_ATCACG_L002_R1_005.qc.fq.gz
[2019-01-15 17:10:29,179] multiqc                                            [DEBUG  ]  Ignoring file as matched an ignore pattern: 6Hour_CGATGT_L002_R2_004.fastq
[2019-01-15 17:10:29,179] multiqc                                            [DEBUG  ]  Ignoring file as matched an ignore pattern: 0Hour_ATCACG_L002_R2_005.qc.fq.gz
[2019-01-15 17:10:29,180] multiqc                                            [DEBUG  ]  Ignoring file as matched an ignore pattern: 6Hour_CGATGT_L002_R1_005.fastq
[2019-01-15 17:10:29,181] multiqc                                            [DEBUG  ]  Ignoring file as matched an ignore pattern: 0Hour_ATCACG_L002_R2_001.qc.fq.gz
[2019-01-15 17:10:29,181] multiqc                                            [DEBUG  ]  Ignoring file as matched an ignore pattern: 0Hour_ATCACG_L002_R2_004.qc_fastqc.html
[2019-01-15 17:10:29,181] multiqc                                            [DEBUG  ]  Ignoring file as matched an ignore pattern: 6Hour_CGATGT_L002_R1_005.qc.fq.gz
[2019-01-15 17:10:29,182] multiqc                                            [DEBUG  ]  Ignoring file as matched an ignore pattern: 6Hour_CGATGT_L002_R1_002.qc_fastqc.html
[2019-01-15 17:10:29,183] multiqc                                            [DEBUG  ]  Ignoring file as matched an ignore pattern: 0Hour_ATCACG_L002_R2_005.qc_fastqc.html
[2019-01-15 17:10:29,184] multiqc                                            [DEBUG  ]  Ignoring file as matched an ignore pattern: 6Hour_CGATGT_L002_R1_003.qc.fq.gz
[2019-01-15 17:10:29,184] multiqc                                            [DEBUG  ]  Ignoring file as matched an ignore pattern: 0Hour_ATCACG_L002_R1_002.qc.fq.gz
[2019-01-15 17:10:29,185] multiqc                                            [DEBUG  ]  Ignoring file as matched an ignore pattern: orphans.qc.fq.gz
[2019-01-15 17:10:29,186] multiqc                                            [DEBUG  ]  Ignoring file as matched an ignore pattern: 6Hour_CGATGT_L002_R1_001.qc_fastqc.html
[2019-01-15 17:10:29,186] multiqc                                            [DEBUG  ]  Ignoring file as matched an ignore pattern: 6Hour_CGATGT_L002_R2_001.qc_fastqc.html
[2019-01-15 17:10:29,187] multiqc                                            [DEBUG  ]  Ignoring file as matched an ignore pattern: 6Hour_CGATGT_L002_R2_002.qc_fastqc.html
[2019-01-15 17:10:29,187] multiqc                                            [DEBUG  ]  Ignoring file as matched an ignore pattern: 0Hour_ATCACG_L002_R2_003.qc_fastqc.html
[2019-01-15 17:10:29,187] multiqc                                            [DEBUG  ]  Ignoring file as matched an ignore pattern: 6Hour_CGATGT_L002_R2_003.qc.fq.gz
[2019-01-15 17:10:29,187] multiqc                                            [DEBUG  ]  Ignoring file as matched an ignore pattern: 6Hour_CGATGT_L002_R2_001.qc.fq.gz
[2019-01-15 17:10:29,188] multiqc                                            [DEBUG  ]  Ignoring file as matched an ignore pattern: 6Hour_CGATGT_L002_R1_002.fastq
[2019-01-15 17:10:29,188] multiqc                                            [DEBUG  ]  Ignoring file as matched an ignore pattern: 0Hour_ATCACG_L002_R1_002.qc_fastqc.html
[2019-01-15 17:10:29,189] multiqc                                            [DEBUG  ]  Ignoring file as matched an ignore pattern: 0Hour_ATCACG_L002_R2_001.qc_fastqc.html
[2019-01-15 17:10:29,189] multiqc                                            [DEBUG  ]  Ignoring file as matched an ignore pattern: 6Hour_CGATGT_L002_R2_003.qc_fastqc.html
[2019-01-15 17:10:29,189] multiqc                                            [DEBUG  ]  Ignoring file as matched an ignore pattern: 0Hour_ATCACG_L002_R1_004.fastq
[2019-01-15 17:10:29,189] multiqc                                            [DEBUG  ]  Ignoring file as matched an ignore pattern: 6Hour_CGATGT_L002_R2_004.qc_fastqc.html
[2019-01-15 17:10:29,190] multiqc                                            [DEBUG  ]  Ignoring file as matched an ignore pattern: 0Hour_ATCACG_L002_R1_004.qc_fastqc.html
[2019-01-15 17:10:29,190] multiqc                                            [DEBUG  ]  Ignoring file as matched an ignore pattern: 0Hour_ATCACG_L002_R1_005.qc_fastqc.html
[2019-01-15 17:10:29,191] multiqc                                            [DEBUG  ]  Ignoring file as matched an ignore pattern: 0Hour_ATCACG_L002_R1_002.fastq
[2019-01-15 17:10:29,191] multiqc                                            [DEBUG  ]  Ignoring file as matched an ignore pattern: 0Hour_ATCACG_L002_R2_003.qc.fq.gz
[2019-01-15 17:10:29,191] multiqc                                            [DEBUG  ]  Ignoring file as matched an ignore pattern: 6Hour_CGATGT_L002_R1_001.qc.fq.gz
[2019-01-15 17:10:29,192] multiqc                                            [DEBUG  ]  Ignoring file as matched an ignore pattern: 0Hour_ATCACG_L002_R1_001.qc.fq.gz
[2019-01-15 17:10:29,192] multiqc                                            [DEBUG  ]  Ignoring file as matched an ignore pattern: 6Hour_CGATGT_L002_R2_005.fastq
[2019-01-15 17:10:29,193] multiqc                                            [DEBUG  ]  Ignoring file as matched an ignore pattern: 0Hour_ATCACG_L002_R2_003.fastq
[2019-01-15 17:10:29,193] multiqc                                            [DEBUG  ]  Ignoring file as matched an ignore pattern: 0Hour_ATCACG_L002_R2_002.qc_fastqc.html
[2019-01-15 17:10:29,193] multiqc                                            [DEBUG  ]  Ignoring file as matched an ignore pattern: 0Hour_ATCACG_L002_R2_002.qc.fq.gz
[2019-01-15 17:10:29,194] multiqc                                            [DEBUG  ]  Ignoring file as matched an ignore pattern: 0Hour_ATCACG_L002_R2_004.fastq
[2019-01-15 17:10:29,194] multiqc                                            [DEBUG  ]  Ignoring file as matched an ignore pattern: 6Hour_CGATGT_L002_R2_002.qc.fq.gz
[2019-01-15 17:10:29,194] multiqc                                            [DEBUG  ]  Ignoring file as matched an ignore pattern: 0Hour_ATCACG_L002_R2_002.fastq
[2019-01-15 17:10:29,194] multiqc                                            [DEBUG  ]  Ignoring file as matched an ignore pattern: 0Hour_ATCACG_L002_R1_001.qc_fastqc.html
[2019-01-15 17:10:29,195] multiqc                                            [DEBUG  ]  Ignoring file as matched an ignore pattern: 6Hour_CGATGT_L002_R1_005.qc_fastqc.html
[2019-01-15 17:10:29,195] multiqc                                            [DEBUG  ]  Ignoring file as matched an ignore pattern: 6Hour_CGATGT_L002_R2_005.qc.fq.gz
[2019-01-15 17:10:29,195] multiqc                                            [DEBUG  ]  Ignoring file as matched an ignore pattern: 6Hour_CGATGT_L002_R1_004.qc_fastqc.html
[2019-01-15 17:10:29,196] multiqc                                            [DEBUG  ]  Ignoring file as matched an ignore pattern: 0Hour_ATCACG_L002_R1_005.fastq
[2019-01-15 17:10:29,197] multiqc                                            [DEBUG  ]  Ignoring file as matched an ignore pattern: 6Hour_CGATGT_L002_R1_004.qc.fq.gz
[2019-01-15 17:10:29,197] multiqc                                            [DEBUG  ]  Ignoring file as matched an ignore pattern: 0Hour_ATCACG_L002_R2_001.fastq
[2019-01-15 17:10:29,197] multiqc                                            [DEBUG  ]  Ignoring file as matched an ignore pattern: 6Hour_CGATGT_L002_R1_003.qc_fastqc.html
[2019-01-15 17:10:29,530] multiqc                                            [DEBUG  ]  No samples found: custom_content
[2019-01-15 17:10:29,536] multiqc                                            [DEBUG  ]  No samples found: conpair
[2019-01-15 17:10:29,566] multiqc                                            [DEBUG  ]  No samples found: peddy
[2019-01-15 17:10:29,572] multiqc                                            [DEBUG  ]  No samples found: methylQA
[2019-01-15 17:10:29,578] multiqc                                            [DEBUG  ]  No samples found: qualimap
[2019-01-15 17:10:29,584] multiqc                                            [DEBUG  ]  No samples found: preseq
[2019-01-15 17:10:29,589] multiqc                                            [DEBUG  ]  No samples found: quast
[2019-01-15 17:10:29,594] multiqc                                            [DEBUG  ]  No samples found: qorts
[2019-01-15 17:10:29,600] multiqc                                            [DEBUG  ]  No samples found: rna_seqc
[2019-01-15 17:10:29,605] multiqc                                            [DEBUG  ]  No samples found: rsem
[2019-01-15 17:10:29,614] multiqc                                            [DEBUG  ]  No samples found: rseqc
[2019-01-15 17:10:29,620] multiqc                                            [DEBUG  ]  No samples found: busco
[2019-01-15 17:10:29,625] multiqc                                            [DEBUG  ]  No samples found: goleft_indexcov
[2019-01-15 17:10:29,630] multiqc                                            [DEBUG  ]  No samples found: disambiguate
[2019-01-15 17:10:29,636] multiqc                                            [DEBUG  ]  No samples found: supernova
[2019-01-15 17:10:29,643] multiqc                                            [DEBUG  ]  No samples found: deeptools
[2019-01-15 17:10:29,650] multiqc                                            [DEBUG  ]  No samples found: sargasso
[2019-01-15 17:10:29,655] multiqc                                            [DEBUG  ]  No samples found: verifybamid
[2019-01-15 17:10:29,661] multiqc                                            [DEBUG  ]  No samples found: mirtrace
[2019-01-15 17:10:29,666] multiqc                                            [DEBUG  ]  No samples found: happy
[2019-01-15 17:10:29,673] multiqc                                            [DEBUG  ]  No samples found: homer
[2019-01-15 17:10:29,678] multiqc                                            [DEBUG  ]  No samples found: macs2
[2019-01-15 17:10:29,683] multiqc                                            [DEBUG  ]  No samples found: theta2
[2019-01-15 17:10:29,688] multiqc                                            [DEBUG  ]  No samples found: snpeff
[2019-01-15 17:10:29,695] multiqc                                            [DEBUG  ]  No samples found: gatk
[2019-01-15 17:10:29,701] multiqc                                            [DEBUG  ]  No samples found: htseq
[2019-01-15 17:10:29,706] multiqc                                            [DEBUG  ]  No samples found: bcftools
[2019-01-15 17:10:29,712] multiqc                                            [DEBUG  ]  No samples found: featureCounts
[2019-01-15 17:10:29,717] multiqc                                            [DEBUG  ]  No samples found: dedup
[2019-01-15 17:10:29,727] multiqc                                            [DEBUG  ]  No samples found: picard
[2019-01-15 17:10:29,733] multiqc                                            [DEBUG  ]  No samples found: prokka
[2019-01-15 17:10:29,738] multiqc                                            [DEBUG  ]  No samples found: samblaster
[2019-01-15 17:10:29,745] multiqc                                            [DEBUG  ]  No samples found: samtools
[2019-01-15 17:10:29,751] multiqc                                            [DEBUG  ]  No samples found: bamtools
[2019-01-15 17:10:29,756] multiqc                                            [DEBUG  ]  No samples found: jellyfish
[2019-01-15 17:10:29,763] multiqc                                            [DEBUG  ]  No samples found: vcftools
[2019-01-15 17:10:29,772] multiqc                                            [DEBUG  ]  No samples found: longranger
[2019-01-15 17:10:29,781] multiqc                                            [DEBUG  ]  No samples found: bbmap
[2019-01-15 17:10:29,787] multiqc                                            [DEBUG  ]  No samples found: bismark
[2019-01-15 17:10:29,792] multiqc                                            [DEBUG  ]  No samples found: hicexplorer
[2019-01-15 17:10:29,797] multiqc                                            [DEBUG  ]  No samples found: hicup
[2019-01-15 17:10:29,803] multiqc                                            [DEBUG  ]  No samples found: hicpro
[2019-01-15 17:10:29,808] multiqc                                            [DEBUG  ]  No samples found: salmon
[2019-01-15 17:10:29,813] multiqc                                            [DEBUG  ]  No samples found: kallisto
[2019-01-15 17:10:29,819] multiqc                                            [DEBUG  ]  No samples found: slamdunk
[2019-01-15 17:10:29,824] multiqc                                            [DEBUG  ]  No samples found: star
[2019-01-15 17:10:29,830] multiqc                                            [DEBUG  ]  No samples found: hisat2
[2019-01-15 17:10:29,835] multiqc                                            [DEBUG  ]  No samples found: tophat
[2019-01-15 17:10:29,840] multiqc                                            [DEBUG  ]  No samples found: bowtie2
[2019-01-15 17:10:29,846] multiqc                                            [DEBUG  ]  No samples found: bowtie1
[2019-01-15 17:10:29,851] multiqc                                            [DEBUG  ]  No samples found: kat
[2019-01-15 17:10:29,856] multiqc                                            [DEBUG  ]  No samples found: leehom
[2019-01-15 17:10:29,862] multiqc                                            [DEBUG  ]  No samples found: adapterRemoval
[2019-01-15 17:10:29,867] multiqc                                            [DEBUG  ]  No samples found: clipandmerge
[2019-01-15 17:10:29,873] multiqc                                            [DEBUG  ]  No samples found: cutadapt
[2019-01-15 17:10:29,878] multiqc                                            [DEBUG  ]  No samples found: flexbar
[2019-01-15 17:10:29,884] multiqc                                            [DEBUG  ]  No samples found: trimmomatic
[2019-01-15 17:10:29,889] multiqc                                            [DEBUG  ]  No samples found: skewer
[2019-01-15 17:10:29,894] multiqc                                            [DEBUG  ]  No samples found: sortmerna
[2019-01-15 17:10:29,899] multiqc                                            [DEBUG  ]  No samples found: biobloomtools
[2019-01-15 17:10:29,904] multiqc                                            [DEBUG  ]  No samples found: fastq_screen
[2019-01-15 17:10:29,909] multiqc                                            [DEBUG  ]  No samples found: afterqc
[2019-01-15 17:10:29,914] multiqc                                            [DEBUG  ]  No samples found: fastp
[2019-01-15 17:10:30,029] multiqc.modules.fastqc.fastqc                      [INFO   ]  Found 20 reports
[2019-01-15 17:10:30,544] multiqc                                            [DEBUG  ]  No samples found: clusterflow
[2019-01-15 17:10:30,548] multiqc                                            [DEBUG  ]  No samples found: bcl2fastq
[2019-01-15 17:10:30,552] multiqc                                            [DEBUG  ]  No samples found: interop
[2019-01-15 17:10:30,595] multiqc                                            [INFO   ]  Compressing plot data
[2019-01-15 17:10:31,028] multiqc                                            [WARNING]  Previous MultiQC output found! Adjusting filenames..
[2019-01-15 17:10:31,028] multiqc                                            [WARNING]  Use -f or --force to overwrite existing reports instead
[2019-01-15 17:10:31,028] multiqc                                            [INFO   ]  Report      : multiqc_report_1.html
[2019-01-15 17:10:31,029] multiqc                                            [INFO   ]  Data        : multiqc_data_1
[2019-01-15 17:10:31,029] multiqc                                            [DEBUG  ]  Moving data file from '/tmp/tmps4_g8fxq/multiqc_data/multiqc_data.json' to '/home/aharring/work/trim/multiqc_data_1'
[2019-01-15 17:10:31,029] multiqc                                            [DEBUG  ]  Moving data file from '/tmp/tmps4_g8fxq/multiqc_data/multiqc_fastqc.txt' to '/home/aharring/work/trim/multiqc_data_1'
[2019-01-15 17:10:31,029] multiqc                                            [DEBUG  ]  Moving data file from '/tmp/tmps4_g8fxq/multiqc_data/multiqc_general_stats.txt' to '/home/aharring/work/trim/multiqc_data_1'
[2019-01-15 17:10:31,029] multiqc                                            [DEBUG  ]  Moving data file from '/tmp/tmps4_g8fxq/multiqc_data/multiqc_sources.txt' to '/home/aharring/work/trim/multiqc_data_1'
[2019-01-15 17:10:31,180] multiqc                                            [INFO   ]  MultiQC complete
