[2019-01-15 17:01:48,293] multiqc                                            [DEBUG  ]  No MultiQC config found: /opt/miniconda3/lib/python3.6/site-packages/multiqc_config.yaml
[2019-01-15 17:01:48,293] multiqc                                            [DEBUG  ]  No MultiQC config found: /home/aharring/.multiqc_config.yaml
[2019-01-15 17:01:48,293] multiqc                                            [DEBUG  ]  No MultiQC config found: multiqc_config.yaml
[2019-01-15 17:01:48,293] multiqc                                            [DEBUG  ]  Command used: /opt/miniconda3/bin/multiqc .
[2019-01-15 17:01:49,317] multiqc                                            [WARNING]  MultiQC Version v1.7 now available!
[2019-01-15 17:01:49,318] multiqc                                            [INFO   ]  This is MultiQC v1.6
[2019-01-15 17:01:49,318] multiqc                                            [DEBUG  ]  Command     : /opt/miniconda3/bin/multiqc .
[2019-01-15 17:01:49,318] multiqc                                            [DEBUG  ]  Working dir : /home/aharring/work/trim
[2019-01-15 17:01:49,318] multiqc                                            [INFO   ]  Template    : default
[2019-01-15 17:01:49,319] multiqc                                            [INFO   ]  Searching '.'
[2019-01-15 17:01:49,320] multiqc                                            [DEBUG  ]  Analysing modules: custom_content, conpair, peddy, methylQA, qualimap, preseq, quast, qorts, rna_seqc, rsem, rseqc, busco, goleft_indexcov, disambiguate, supernova, deeptools, sargasso, verifybamid, mirtrace, happy, homer, macs2, theta2, snpeff, gatk, htseq, bcftools, featureCounts, dedup, picard, prokka, samblaster, samtools, bamtools, jellyfish, vcftools, longranger, bbmap, bismark, hicexplorer, hicup, hicpro, salmon, kallisto, slamdunk, star, hisat2, tophat, bowtie2, bowtie1, kat, leehom, adapterRemoval, clipandmerge, cutadapt, flexbar, trimmomatic, skewer, sortmerna, biobloomtools, fastq_screen, afterqc, fastp, fastqc, clusterflow, bcl2fastq, interop
[2019-01-15 17:01:49,320] multiqc                                            [DEBUG  ]  Using temporary directory for creating report: /tmp/tmpmh7geh1f
[2019-01-15 17:01:49,394] multiqc                                            [DEBUG  ]  Ignoring file as matched an ignore pattern: 6Hour_CGATGT_L002_R2_003.fastq
[2019-01-15 17:01:49,395] multiqc                                            [DEBUG  ]  Ignoring file as matched an ignore pattern: 0Hour_ATCACG_L002_R2_005.fastq
[2019-01-15 17:01:49,395] multiqc                                            [DEBUG  ]  Ignoring file as matched an ignore pattern: 0Hour_ATCACG_L002_R1_003.fastq
[2019-01-15 17:01:49,395] multiqc                                            [DEBUG  ]  Ignoring file as matched an ignore pattern: 6Hour_CGATGT_L002_R2_001.fastq
[2019-01-15 17:01:49,406] multiqc                                            [DEBUG  ]  Ignoring file as matched an ignore pattern: 0Hour_ATCACG_L002_R1_004.qc.fq.gz
[2019-01-15 17:01:49,407] multiqc                                            [DEBUG  ]  Ignoring file as matched an ignore pattern: 6Hour_CGATGT_L002_R1_003.fastq
[2019-01-15 17:01:49,407] multiqc                                            [DEBUG  ]  Ignoring file as matched an ignore pattern: 6Hour_CGATGT_L002_R2_002.fastq
[2019-01-15 17:01:49,407] multiqc                                            [DEBUG  ]  Ignoring file as matched an ignore pattern: 6Hour_CGATGT_L002_R1_002.qc.fq.gz
[2019-01-15 17:01:49,407] multiqc                                            [DEBUG  ]  Ignoring file as matched an ignore pattern: 6Hour_CGATGT_L002_R1_004.fastq
[2019-01-15 17:01:49,408] multiqc                                            [DEBUG  ]  Ignoring file as matched an ignore pattern: 6Hour_CGATGT_L002_R1_001.fastq
[2019-01-15 17:01:49,408] multiqc                                            [DEBUG  ]  Ignoring file as matched an ignore pattern: 0Hour_ATCACG_L002_R1_003.qc_fastqc.html
[2019-01-15 17:01:49,408] multiqc                                            [DEBUG  ]  Ignoring file as matched an ignore pattern: 6Hour_CGATGT_L002_R2_005.qc_fastqc.html
[2019-01-15 17:01:49,409] multiqc                                            [DEBUG  ]  Ignoring file as matched an ignore pattern: 0Hour_ATCACG_L002_R2_004.qc.fq.gz
[2019-01-15 17:01:49,444] multiqc                                            [DEBUG  ]  Ignoring file as matched an ignore pattern: 6Hour_CGATGT_L002_R2_004.qc.fq.gz
[2019-01-15 17:01:49,444] multiqc                                            [DEBUG  ]  Ignoring file as matched an ignore pattern: combined.fa
[2019-01-15 17:01:49,444] multiqc                                            [DEBUG  ]  Ignoring file as matched an ignore pattern: 0Hour_ATCACG_L002_R1_003.qc.fq.gz
[2019-01-15 17:01:49,445] multiqc                                            [DEBUG  ]  Ignoring file as matched an ignore pattern: 0Hour_ATCACG_L002_R1_001.fastq
[2019-01-15 17:01:49,445] multiqc                                            [DEBUG  ]  Ignoring file as matched an ignore pattern: 0Hour_ATCACG_L002_R1_005.qc.fq.gz
[2019-01-15 17:01:49,445] multiqc                                            [DEBUG  ]  Ignoring file as matched an ignore pattern: 6Hour_CGATGT_L002_R2_004.fastq
[2019-01-15 17:01:49,446] multiqc                                            [DEBUG  ]  Ignoring file as matched an ignore pattern: 0Hour_ATCACG_L002_R2_005.qc.fq.gz
[2019-01-15 17:01:49,446] multiqc                                            [DEBUG  ]  Ignoring file as matched an ignore pattern: 6Hour_CGATGT_L002_R1_005.fastq
[2019-01-15 17:01:49,447] multiqc                                            [DEBUG  ]  Ignoring file as matched an ignore pattern: 0Hour_ATCACG_L002_R2_001.qc.fq.gz
[2019-01-15 17:01:49,447] multiqc                                            [DEBUG  ]  Ignoring file as matched an ignore pattern: 0Hour_ATCACG_L002_R2_004.qc_fastqc.html
[2019-01-15 17:01:49,448] multiqc                                            [DEBUG  ]  Ignoring file as matched an ignore pattern: 6Hour_CGATGT_L002_R1_005.qc.fq.gz
[2019-01-15 17:01:49,448] multiqc                                            [DEBUG  ]  Ignoring file as matched an ignore pattern: 6Hour_CGATGT_L002_R1_002.qc_fastqc.html
[2019-01-15 17:01:49,450] multiqc                                            [DEBUG  ]  Ignoring file as matched an ignore pattern: 0Hour_ATCACG_L002_R2_005.qc_fastqc.html
[2019-01-15 17:01:49,450] multiqc                                            [DEBUG  ]  Ignoring file as matched an ignore pattern: 6Hour_CGATGT_L002_R1_003.qc.fq.gz
[2019-01-15 17:01:49,451] multiqc                                            [DEBUG  ]  Ignoring file as matched an ignore pattern: 0Hour_ATCACG_L002_R1_002.qc.fq.gz
[2019-01-15 17:01:49,452] multiqc                                            [DEBUG  ]  Ignoring file as matched an ignore pattern: orphans.qc.fq.gz
[2019-01-15 17:01:49,452] multiqc                                            [DEBUG  ]  Ignoring file as matched an ignore pattern: 6Hour_CGATGT_L002_R1_001.qc_fastqc.html
[2019-01-15 17:01:49,453] multiqc                                            [DEBUG  ]  Ignoring file as matched an ignore pattern: 6Hour_CGATGT_L002_R2_001.qc_fastqc.html
[2019-01-15 17:01:49,453] multiqc                                            [DEBUG  ]  Ignoring file as matched an ignore pattern: 6Hour_CGATGT_L002_R2_002.qc_fastqc.html
[2019-01-15 17:01:49,453] multiqc                                            [DEBUG  ]  Ignoring file as matched an ignore pattern: 0Hour_ATCACG_L002_R2_003.qc_fastqc.html
[2019-01-15 17:01:49,453] multiqc                                            [DEBUG  ]  Ignoring file as matched an ignore pattern: 6Hour_CGATGT_L002_R2_003.qc.fq.gz
[2019-01-15 17:01:49,454] multiqc                                            [DEBUG  ]  Ignoring file as matched an ignore pattern: 6Hour_CGATGT_L002_R2_001.qc.fq.gz
[2019-01-15 17:01:49,454] multiqc                                            [DEBUG  ]  Ignoring file as matched an ignore pattern: 6Hour_CGATGT_L002_R1_002.fastq
[2019-01-15 17:01:49,455] multiqc                                            [DEBUG  ]  Ignoring file as matched an ignore pattern: 0Hour_ATCACG_L002_R1_002.qc_fastqc.html
[2019-01-15 17:01:49,455] multiqc                                            [DEBUG  ]  Ignoring file as matched an ignore pattern: 0Hour_ATCACG_L002_R2_001.qc_fastqc.html
[2019-01-15 17:01:49,455] multiqc                                            [DEBUG  ]  Ignoring file as matched an ignore pattern: 6Hour_CGATGT_L002_R2_003.qc_fastqc.html
[2019-01-15 17:01:49,455] multiqc                                            [DEBUG  ]  Ignoring file as matched an ignore pattern: 0Hour_ATCACG_L002_R1_004.fastq
[2019-01-15 17:01:49,456] multiqc                                            [DEBUG  ]  Ignoring file as matched an ignore pattern: 6Hour_CGATGT_L002_R2_004.qc_fastqc.html
[2019-01-15 17:01:49,456] multiqc                                            [DEBUG  ]  Ignoring file as matched an ignore pattern: 0Hour_ATCACG_L002_R1_004.qc_fastqc.html
[2019-01-15 17:01:49,456] multiqc                                            [DEBUG  ]  Ignoring file as matched an ignore pattern: 0Hour_ATCACG_L002_R1_005.qc_fastqc.html
[2019-01-15 17:01:49,457] multiqc                                            [DEBUG  ]  Ignoring file as matched an ignore pattern: 0Hour_ATCACG_L002_R1_002.fastq
[2019-01-15 17:01:49,457] multiqc                                            [DEBUG  ]  Ignoring file as matched an ignore pattern: 0Hour_ATCACG_L002_R2_003.qc.fq.gz
[2019-01-15 17:01:49,458] multiqc                                            [DEBUG  ]  Ignoring file as matched an ignore pattern: 6Hour_CGATGT_L002_R1_001.qc.fq.gz
[2019-01-15 17:01:49,458] multiqc                                            [DEBUG  ]  Ignoring file as matched an ignore pattern: 0Hour_ATCACG_L002_R1_001.qc.fq.gz
[2019-01-15 17:01:49,458] multiqc                                            [DEBUG  ]  Ignoring file as matched an ignore pattern: 6Hour_CGATGT_L002_R2_005.fastq
[2019-01-15 17:01:49,459] multiqc                                            [DEBUG  ]  Ignoring file as matched an ignore pattern: 0Hour_ATCACG_L002_R2_003.fastq
[2019-01-15 17:01:49,459] multiqc                                            [DEBUG  ]  Ignoring file as matched an ignore pattern: 0Hour_ATCACG_L002_R2_002.qc_fastqc.html
[2019-01-15 17:01:49,459] multiqc                                            [DEBUG  ]  Ignoring file as matched an ignore pattern: 0Hour_ATCACG_L002_R2_002.qc.fq.gz
[2019-01-15 17:01:49,460] multiqc                                            [DEBUG  ]  Ignoring file as matched an ignore pattern: 0Hour_ATCACG_L002_R2_004.fastq
[2019-01-15 17:01:49,460] multiqc                                            [DEBUG  ]  Ignoring file as matched an ignore pattern: 6Hour_CGATGT_L002_R2_002.qc.fq.gz
[2019-01-15 17:01:49,460] multiqc                                            [DEBUG  ]  Ignoring file as matched an ignore pattern: 0Hour_ATCACG_L002_R2_002.fastq
[2019-01-15 17:01:49,461] multiqc                                            [DEBUG  ]  Ignoring file as matched an ignore pattern: 0Hour_ATCACG_L002_R1_001.qc_fastqc.html
[2019-01-15 17:01:49,461] multiqc                                            [DEBUG  ]  Ignoring file as matched an ignore pattern: 6Hour_CGATGT_L002_R1_005.qc_fastqc.html
[2019-01-15 17:01:49,461] multiqc                                            [DEBUG  ]  Ignoring file as matched an ignore pattern: 6Hour_CGATGT_L002_R2_005.qc.fq.gz
[2019-01-15 17:01:49,461] multiqc                                            [DEBUG  ]  Ignoring file as matched an ignore pattern: 6Hour_CGATGT_L002_R1_004.qc_fastqc.html
[2019-01-15 17:01:49,462] multiqc                                            [DEBUG  ]  Ignoring file as matched an ignore pattern: 0Hour_ATCACG_L002_R1_005.fastq
[2019-01-15 17:01:49,463] multiqc                                            [DEBUG  ]  Ignoring file as matched an ignore pattern: 6Hour_CGATGT_L002_R1_004.qc.fq.gz
[2019-01-15 17:01:49,463] multiqc                                            [DEBUG  ]  Ignoring file as matched an ignore pattern: 0Hour_ATCACG_L002_R2_001.fastq
[2019-01-15 17:01:49,463] multiqc                                            [DEBUG  ]  Ignoring file as matched an ignore pattern: 6Hour_CGATGT_L002_R1_003.qc_fastqc.html
[2019-01-15 17:01:49,787] multiqc                                            [DEBUG  ]  No samples found: custom_content
[2019-01-15 17:01:49,793] multiqc                                            [DEBUG  ]  No samples found: conpair
[2019-01-15 17:01:49,823] multiqc                                            [DEBUG  ]  No samples found: peddy
[2019-01-15 17:01:49,829] multiqc                                            [DEBUG  ]  No samples found: methylQA
[2019-01-15 17:01:49,835] multiqc                                            [DEBUG  ]  No samples found: qualimap
[2019-01-15 17:01:49,841] multiqc                                            [DEBUG  ]  No samples found: preseq
[2019-01-15 17:01:49,846] multiqc                                            [DEBUG  ]  No samples found: quast
[2019-01-15 17:01:49,852] multiqc                                            [DEBUG  ]  No samples found: qorts
[2019-01-15 17:01:49,857] multiqc                                            [DEBUG  ]  No samples found: rna_seqc
[2019-01-15 17:01:49,862] multiqc                                            [DEBUG  ]  No samples found: rsem
[2019-01-15 17:01:49,871] multiqc                                            [DEBUG  ]  No samples found: rseqc
[2019-01-15 17:01:49,876] multiqc                                            [DEBUG  ]  No samples found: busco
[2019-01-15 17:01:49,882] multiqc                                            [DEBUG  ]  No samples found: goleft_indexcov
[2019-01-15 17:01:49,887] multiqc                                            [DEBUG  ]  No samples found: disambiguate
[2019-01-15 17:01:49,893] multiqc                                            [DEBUG  ]  No samples found: supernova
[2019-01-15 17:01:49,900] multiqc                                            [DEBUG  ]  No samples found: deeptools
[2019-01-15 17:01:49,907] multiqc                                            [DEBUG  ]  No samples found: sargasso
[2019-01-15 17:01:49,912] multiqc                                            [DEBUG  ]  No samples found: verifybamid
[2019-01-15 17:01:49,918] multiqc                                            [DEBUG  ]  No samples found: mirtrace
[2019-01-15 17:01:49,923] multiqc                                            [DEBUG  ]  No samples found: happy
[2019-01-15 17:01:49,929] multiqc                                            [DEBUG  ]  No samples found: homer
[2019-01-15 17:01:49,934] multiqc                                            [DEBUG  ]  No samples found: macs2
[2019-01-15 17:01:49,939] multiqc                                            [DEBUG  ]  No samples found: theta2
[2019-01-15 17:01:49,944] multiqc                                            [DEBUG  ]  No samples found: snpeff
[2019-01-15 17:01:49,950] multiqc                                            [DEBUG  ]  No samples found: gatk
[2019-01-15 17:01:49,955] multiqc                                            [DEBUG  ]  No samples found: htseq
[2019-01-15 17:01:49,960] multiqc                                            [DEBUG  ]  No samples found: bcftools
[2019-01-15 17:01:49,965] multiqc                                            [DEBUG  ]  No samples found: featureCounts
[2019-01-15 17:01:49,969] multiqc                                            [DEBUG  ]  No samples found: dedup
[2019-01-15 17:01:49,978] multiqc                                            [DEBUG  ]  No samples found: picard
[2019-01-15 17:01:49,982] multiqc                                            [DEBUG  ]  No samples found: prokka
[2019-01-15 17:01:49,986] multiqc                                            [DEBUG  ]  No samples found: samblaster
[2019-01-15 17:01:49,992] multiqc                                            [DEBUG  ]  No samples found: samtools
[2019-01-15 17:01:49,996] multiqc                                            [DEBUG  ]  No samples found: bamtools
[2019-01-15 17:01:50,001] multiqc                                            [DEBUG  ]  No samples found: jellyfish
[2019-01-15 17:01:50,008] multiqc                                            [DEBUG  ]  No samples found: vcftools
[2019-01-15 17:01:50,012] multiqc                                            [DEBUG  ]  No samples found: longranger
[2019-01-15 17:01:50,019] multiqc                                            [DEBUG  ]  No samples found: bbmap
[2019-01-15 17:01:50,023] multiqc                                            [DEBUG  ]  No samples found: bismark
[2019-01-15 17:01:50,027] multiqc                                            [DEBUG  ]  No samples found: hicexplorer
[2019-01-15 17:01:50,031] multiqc                                            [DEBUG  ]  No samples found: hicup
[2019-01-15 17:01:50,035] multiqc                                            [DEBUG  ]  No samples found: hicpro
[2019-01-15 17:01:50,039] multiqc                                            [DEBUG  ]  No samples found: salmon
[2019-01-15 17:01:50,043] multiqc                                            [DEBUG  ]  No samples found: kallisto
[2019-01-15 17:01:50,047] multiqc                                            [DEBUG  ]  No samples found: slamdunk
[2019-01-15 17:01:50,051] multiqc                                            [DEBUG  ]  No samples found: star
[2019-01-15 17:01:50,055] multiqc                                            [DEBUG  ]  No samples found: hisat2
[2019-01-15 17:01:50,059] multiqc                                            [DEBUG  ]  No samples found: tophat
[2019-01-15 17:01:50,063] multiqc                                            [DEBUG  ]  No samples found: bowtie2
[2019-01-15 17:01:50,066] multiqc                                            [DEBUG  ]  No samples found: bowtie1
[2019-01-15 17:01:50,070] multiqc                                            [DEBUG  ]  No samples found: kat
[2019-01-15 17:01:50,074] multiqc                                            [DEBUG  ]  No samples found: leehom
[2019-01-15 17:01:50,079] multiqc                                            [DEBUG  ]  No samples found: adapterRemoval
[2019-01-15 17:01:50,083] multiqc                                            [DEBUG  ]  No samples found: clipandmerge
[2019-01-15 17:01:50,086] multiqc                                            [DEBUG  ]  No samples found: cutadapt
[2019-01-15 17:01:50,090] multiqc                                            [DEBUG  ]  No samples found: flexbar
[2019-01-15 17:01:50,095] multiqc                                            [DEBUG  ]  No samples found: trimmomatic
[2019-01-15 17:01:50,098] multiqc                                            [DEBUG  ]  No samples found: skewer
[2019-01-15 17:01:50,102] multiqc                                            [DEBUG  ]  No samples found: sortmerna
[2019-01-15 17:01:50,106] multiqc                                            [DEBUG  ]  No samples found: biobloomtools
[2019-01-15 17:01:50,110] multiqc                                            [DEBUG  ]  No samples found: fastq_screen
[2019-01-15 17:01:50,114] multiqc                                            [DEBUG  ]  No samples found: afterqc
[2019-01-15 17:01:50,118] multiqc                                            [DEBUG  ]  No samples found: fastp
[2019-01-15 17:01:50,225] multiqc.modules.fastqc.fastqc                      [INFO   ]  Found 20 reports
[2019-01-15 17:01:50,742] multiqc                                            [DEBUG  ]  No samples found: clusterflow
[2019-01-15 17:01:50,747] multiqc                                            [DEBUG  ]  No samples found: bcl2fastq
[2019-01-15 17:01:50,751] multiqc                                            [DEBUG  ]  No samples found: interop
[2019-01-15 17:01:50,793] multiqc                                            [INFO   ]  Compressing plot data
[2019-01-15 17:01:51,212] multiqc                                            [INFO   ]  Report      : multiqc_report.html
[2019-01-15 17:01:51,212] multiqc                                            [INFO   ]  Data        : multiqc_data
[2019-01-15 17:01:51,213] multiqc                                            [DEBUG  ]  Moving data file from '/tmp/tmpmh7geh1f/multiqc_data/multiqc_data.json' to '/home/aharring/work/trim/multiqc_data'
[2019-01-15 17:01:51,213] multiqc                                            [DEBUG  ]  Moving data file from '/tmp/tmpmh7geh1f/multiqc_data/multiqc_fastqc.txt' to '/home/aharring/work/trim/multiqc_data'
[2019-01-15 17:01:51,213] multiqc                                            [DEBUG  ]  Moving data file from '/tmp/tmpmh7geh1f/multiqc_data/multiqc_general_stats.txt' to '/home/aharring/work/trim/multiqc_data'
[2019-01-15 17:01:51,213] multiqc                                            [DEBUG  ]  Moving data file from '/tmp/tmpmh7geh1f/multiqc_data/multiqc_sources.txt' to '/home/aharring/work/trim/multiqc_data'
[2019-01-15 17:01:51,359] multiqc                                            [INFO   ]  MultiQC complete
